<?xml version="1.0" encoding="UTF-8"?>
<testng-results skipped="0" failed="1" total="5" passed="4">
  <reporter-output>
  </reporter-output>
  <suite name="Default suite" duration-ms="46217" started-at="2018-02-21T03:28:10Z" finished-at="2018-02-21T03:28:57Z">
    <groups>
    </groups>
    <test name="Default test" duration-ms="46217" started-at="2018-02-21T03:28:10Z" finished-at="2018-02-21T03:28:57Z">
      <class name="com.planittesting.automation.SeleniumGitJenkinsProject.tests.LoginTestSuite">
        <test-method status="PASS" signature="testSetUp()[pri:0, instance:com.planittesting.automation.SeleniumGitJenkinsProject.tests.LoginTestSuite@18be83e4]" name="testSetUp" is-config="true" duration-ms="216" started-at="2018-02-21T14:28:10Z" finished-at="2018-02-21T14:28:11Z">
          <reporter-output>
          </reporter-output>
        </test-method> <!-- testSetUp -->
        <test-method status="PASS" signature="setup(java.lang.String, java.lang.String, java.lang.String)[pri:0, instance:com.planittesting.automation.SeleniumGitJenkinsProject.tests.LoginTestSuite@18be83e4]" name="setup" is-config="true" duration-ms="3169" started-at="2018-02-21T14:28:11Z" finished-at="2018-02-21T14:28:14Z">
          <params>
            <param index="0">
              <value>
                <![CDATA[chrome]]>
              </value>
            </param>
            <param index="1">
              <value>
                <![CDATA[47]]>
              </value>
            </param>
            <param index="2">
              <value>
                <![CDATA[WINDOWS]]>
              </value>
            </param>
          </params>
          <reporter-output>
          </reporter-output>
        </test-method> <!-- setup -->
        <test-method status="PASS" signature="testSteup(java.lang.reflect.Method)[pri:0, instance:com.planittesting.automation.SeleniumGitJenkinsProject.tests.LoginTestSuite@18be83e4]" name="testSteup" is-config="true" duration-ms="10006" started-at="2018-02-21T14:28:14Z" finished-at="2018-02-21T14:28:24Z">
          <params>
            <param index="0">
              <value>
                <![CDATA[public void com.planittesting.automation.SeleniumGitJenkinsProject.tests.LoginTestSuite.setData(java.lang.String,java.lang.String)]]>
              </value>
            </param>
          </params>
          <reporter-output>
          </reporter-output>
        </test-method> <!-- testSteup -->
        <test-method status="PASS" signature="setData(java.lang.String, java.lang.String)[pri:0, instance:com.planittesting.automation.SeleniumGitJenkinsProject.tests.LoginTestSuite@18be83e4]" name="setData" duration-ms="10" started-at="2018-02-21T14:28:24Z" data-provider="getData" finished-at="2018-02-21T14:28:24Z">
          <params>
            <param index="0">
              <value>
                <![CDATA[a1]]>
              </value>
            </param>
            <param index="1">
              <value>
                <![CDATA[b1]]>
              </value>
            </param>
          </params>
          <reporter-output>
          </reporter-output>
        </test-method> <!-- setData -->
        <test-method status="PASS" signature="captureStatus(org.testng.ITestResult)[pri:0, instance:com.planittesting.automation.SeleniumGitJenkinsProject.tests.LoginTestSuite@18be83e4]" name="captureStatus" is-config="true" duration-ms="7" started-at="2018-02-21T14:28:24Z" finished-at="2018-02-21T14:28:24Z">
          <params>
            <param index="0">
              <value>
                <![CDATA[[TestResult name=setData status=SUCCESS method=LoginTestSuite.setData(java.lang.String, java.lang.String)[pri:0, instance:com.planittesting.automation.SeleniumGitJenkinsProject.tests.LoginTestSuite@18be83e4] output={null}]]]>
              </value>
            </param>
          </params>
          <reporter-output>
          </reporter-output>
        </test-method> <!-- captureStatus -->
        <test-method status="PASS" signature="testSteup(java.lang.reflect.Method)[pri:0, instance:com.planittesting.automation.SeleniumGitJenkinsProject.tests.LoginTestSuite@18be83e4]" name="testSteup" is-config="true" duration-ms="3866" started-at="2018-02-21T14:28:24Z" finished-at="2018-02-21T14:28:28Z">
          <params>
            <param index="0">
              <value>
                <![CDATA[public void com.planittesting.automation.SeleniumGitJenkinsProject.tests.LoginTestSuite.setData(java.lang.String,java.lang.String)]]>
              </value>
            </param>
          </params>
          <reporter-output>
          </reporter-output>
        </test-method> <!-- testSteup -->
        <test-method status="PASS" signature="setData(java.lang.String, java.lang.String)[pri:0, instance:com.planittesting.automation.SeleniumGitJenkinsProject.tests.LoginTestSuite@18be83e4]" name="setData" duration-ms="1" started-at="2018-02-21T14:28:28Z" data-provider="getData" finished-at="2018-02-21T14:28:28Z">
          <params>
            <param index="0">
              <value>
                <![CDATA[a1]]>
              </value>
            </param>
            <param index="1">
              <value>
                <![CDATA[b1]]>
              </value>
            </param>
          </params>
          <reporter-output>
          </reporter-output>
        </test-method> <!-- setData -->
        <test-method status="PASS" signature="captureStatus(org.testng.ITestResult)[pri:0, instance:com.planittesting.automation.SeleniumGitJenkinsProject.tests.LoginTestSuite@18be83e4]" name="captureStatus" is-config="true" duration-ms="1" started-at="2018-02-21T14:28:28Z" finished-at="2018-02-21T14:28:28Z">
          <params>
            <param index="0">
              <value>
                <![CDATA[[TestResult name=setData status=SUCCESS method=LoginTestSuite.setData(java.lang.String, java.lang.String)[pri:0, instance:com.planittesting.automation.SeleniumGitJenkinsProject.tests.LoginTestSuite@18be83e4] output={null}]]]>
              </value>
            </param>
          </params>
          <reporter-output>
          </reporter-output>
        </test-method> <!-- captureStatus -->
        <test-method status="PASS" signature="testSteup(java.lang.reflect.Method)[pri:0, instance:com.planittesting.automation.SeleniumGitJenkinsProject.tests.LoginTestSuite@18be83e4]" name="testSteup" is-config="true" duration-ms="2316" started-at="2018-02-21T14:28:28Z" finished-at="2018-02-21T14:28:30Z">
          <params>
            <param index="0">
              <value>
                <![CDATA[public void com.planittesting.automation.SeleniumGitJenkinsProject.tests.LoginTestSuite.setData(java.lang.String,java.lang.String)]]>
              </value>
            </param>
          </params>
          <reporter-output>
          </reporter-output>
        </test-method> <!-- testSteup -->
        <test-method status="PASS" signature="setData(java.lang.String, java.lang.String)[pri:0, instance:com.planittesting.automation.SeleniumGitJenkinsProject.tests.LoginTestSuite@18be83e4]" name="setData" duration-ms="2" started-at="2018-02-21T14:28:30Z" data-provider="getData" finished-at="2018-02-21T14:28:30Z">
          <params>
            <param index="0">
              <value>
                <![CDATA[a1]]>
              </value>
            </param>
            <param index="1">
              <value>
                <![CDATA[b1]]>
              </value>
            </param>
          </params>
          <reporter-output>
          </reporter-output>
        </test-method> <!-- setData -->
        <test-method status="PASS" signature="captureStatus(org.testng.ITestResult)[pri:0, instance:com.planittesting.automation.SeleniumGitJenkinsProject.tests.LoginTestSuite@18be83e4]" name="captureStatus" is-config="true" duration-ms="0" started-at="2018-02-21T14:28:30Z" finished-at="2018-02-21T14:28:30Z">
          <params>
            <param index="0">
              <value>
                <![CDATA[[TestResult name=setData status=SUCCESS method=LoginTestSuite.setData(java.lang.String, java.lang.String)[pri:0, instance:com.planittesting.automation.SeleniumGitJenkinsProject.tests.LoginTestSuite@18be83e4] output={null}]]]>
              </value>
            </param>
          </params>
          <reporter-output>
          </reporter-output>
        </test-method> <!-- captureStatus -->
        <test-method status="PASS" signature="testSteup(java.lang.reflect.Method)[pri:0, instance:com.planittesting.automation.SeleniumGitJenkinsProject.tests.LoginTestSuite@18be83e4]" name="testSteup" is-config="true" duration-ms="5585" started-at="2018-02-21T14:28:30Z" finished-at="2018-02-21T14:28:36Z">
          <params>
            <param index="0">
              <value>
                <![CDATA[public void com.planittesting.automation.SeleniumGitJenkinsProject.tests.LoginTestSuite.signInFailure() throws java.lang.InterruptedException]]>
              </value>
            </param>
          </params>
          <reporter-output>
          </reporter-output>
        </test-method> <!-- testSteup -->
        <test-method status="FAIL" signature="signInFailure()[pri:0, instance:com.planittesting.automation.SeleniumGitJenkinsProject.tests.LoginTestSuite@18be83e4]" name="signInFailure" duration-ms="13074" started-at="2018-02-21T14:28:36Z" finished-at="2018-02-21T14:28:49Z">
          <exception class="org.openqa.selenium.NoSuchElementException">
            <message>
              <![CDATA[no such element: Unable to locate element: {"method":"class name","selector":"alert-danger"}
  (Session info: chrome=63.0.3239.132)
  (Driver info: chromedriver=2.34.522940 (1a76f96f66e3ca7b8e57d503b4dd3bccfba87af1),platform=Windows NT 10.0.15063 x86_64) (WARNING: The server did not provide any stacktrace information)
Command duration or timeout: 0 milliseconds
For documentation on this error, please visit: http://seleniumhq.org/exceptions/no_such_element.html
Build info: version: '3.8.1', revision: '6e95a6684b', time: '2017-12-01T18:33:54.468Z'
System info: host: 'VICMELBLP138', ip: '192.168.56.1', os.name: 'Windows 10', os.arch: 'amd64', os.version: '10.0', java.version: '1.8.0_161'
Driver info: org.openqa.selenium.remote.RemoteWebDriver
Capabilities {acceptSslCerts: true, applicationCacheEnabled: false, browserConnectionEnabled: false, browserName: chrome, chrome: {chromedriverVersion: 2.34.522940 (1a76f96f66e3ca..., userDataDir: C:\Users\labraham\AppData\L...}, cssSelectorsEnabled: true, databaseEnabled: false, handlesAlerts: true, hasTouchScreen: false, javascriptEnabled: true, locationContextEnabled: true, mobileEmulationEnabled: false, nativeEvents: true, networkConnectionEnabled: false, pageLoadStrategy: normal, platform: XP, platformName: XP, rotatable: false, setWindowRect: true, takesHeapSnapshot: true, takesScreenshot: true, unexpectedAlertBehaviour: , unhandledPromptBehavior: , version: 63.0.3239.132, webStorageEnabled: true, webdriver.remote.sessionid: ecc4873557a99be653849a3c1ec...}
Session ID: ecc4873557a99be653849a3c1ec087df
*** Element info: {Using=class name, value=alert-danger}]]>
            </message>
            <full-stacktrace>
              <![CDATA[org.openqa.selenium.NoSuchElementException: no such element: Unable to locate element: {"method":"class name","selector":"alert-danger"}
  (Session info: chrome=63.0.3239.132)
  (Driver info: chromedriver=2.34.522940 (1a76f96f66e3ca7b8e57d503b4dd3bccfba87af1),platform=Windows NT 10.0.15063 x86_64) (WARNING: The server did not provide any stacktrace information)
Command duration or timeout: 0 milliseconds
For documentation on this error, please visit: http://seleniumhq.org/exceptions/no_such_element.html
Build info: version: '3.8.1', revision: '6e95a6684b', time: '2017-12-01T18:33:54.468Z'
System info: host: 'VICMELBLP138', ip: '192.168.56.1', os.name: 'Windows 10', os.arch: 'amd64', os.version: '10.0', java.version: '1.8.0_161'
Driver info: org.openqa.selenium.remote.RemoteWebDriver
Capabilities {acceptSslCerts: true, applicationCacheEnabled: false, browserConnectionEnabled: false, browserName: chrome, chrome: {chromedriverVersion: 2.34.522940 (1a76f96f66e3ca..., userDataDir: C:\Users\labraham\AppData\L...}, cssSelectorsEnabled: true, databaseEnabled: false, handlesAlerts: true, hasTouchScreen: false, javascriptEnabled: true, locationContextEnabled: true, mobileEmulationEnabled: false, nativeEvents: true, networkConnectionEnabled: false, pageLoadStrategy: normal, platform: XP, platformName: XP, rotatable: false, setWindowRect: true, takesHeapSnapshot: true, takesScreenshot: true, unexpectedAlertBehaviour: , unhandledPromptBehavior: , version: 63.0.3239.132, webStorageEnabled: true, webdriver.remote.sessionid: ecc4873557a99be653849a3c1ec...}
Session ID: ecc4873557a99be653849a3c1ec087df
*** Element info: {Using=class name, value=alert-danger}
	at sun.reflect.NativeConstructorAccessorImpl.newInstance0(Native Method)
	at sun.reflect.NativeConstructorAccessorImpl.newInstance(Unknown Source)
	at sun.reflect.DelegatingConstructorAccessorImpl.newInstance(Unknown Source)
	at java.lang.reflect.Constructor.newInstance(Unknown Source)
	at org.openqa.selenium.remote.ErrorHandler.createThrowable(ErrorHandler.java:214)
	at org.openqa.selenium.remote.ErrorHandler.throwIfResponseFailed(ErrorHandler.java:166)
	at org.openqa.selenium.remote.http.JsonHttpResponseCodec.reconstructValue(JsonHttpResponseCodec.java:40)
	at org.openqa.selenium.remote.http.AbstractHttpResponseCodec.decode(AbstractHttpResponseCodec.java:80)
	at org.openqa.selenium.remote.http.AbstractHttpResponseCodec.decode(AbstractHttpResponseCodec.java:44)
	at org.openqa.selenium.remote.HttpCommandExecutor.execute(HttpCommandExecutor.java:164)
	at org.openqa.selenium.remote.RemoteWebDriver.execute(RemoteWebDriver.java:601)
	at org.openqa.selenium.remote.RemoteWebDriver.findElement(RemoteWebDriver.java:371)
	at org.openqa.selenium.remote.RemoteWebDriver.findElementByClassName(RemoteWebDriver.java:457)
	at org.openqa.selenium.By$ByClassName.findElement(By.java:391)
	at org.openqa.selenium.remote.RemoteWebDriver.findElement(RemoteWebDriver.java:363)
	at com.planittesting.automation.SeleniumGitJenkinsProject.pages.LoginPage.getLoginAuthenticationError(LoginPage.java:33)
	at com.planittesting.automation.SeleniumGitJenkinsProject.tests.LoginTestSuite.signInFailure(LoginTestSuite.java:35)
	at sun.reflect.NativeMethodAccessorImpl.invoke0(Native Method)
	at sun.reflect.NativeMethodAccessorImpl.invoke(Unknown Source)
	at sun.reflect.DelegatingMethodAccessorImpl.invoke(Unknown Source)
	at java.lang.reflect.Method.invoke(Unknown Source)
	at org.testng.internal.MethodInvocationHelper.invokeMethod(MethodInvocationHelper.java:86)
	at org.testng.internal.Invoker.invokeMethod(Invoker.java:643)
	at org.testng.internal.Invoker.invokeTestMethod(Invoker.java:820)
	at org.testng.internal.Invoker.invokeTestMethods(Invoker.java:1128)
	at org.testng.internal.TestMethodWorker.invokeTestMethods(TestMethodWorker.java:129)
	at org.testng.internal.TestMethodWorker.run(TestMethodWorker.java:112)
	at org.testng.TestRunner.privateRun(TestRunner.java:782)
	at org.testng.TestRunner.run(TestRunner.java:632)
	at org.testng.SuiteRunner.runTest(SuiteRunner.java:366)
	at org.testng.SuiteRunner.runSequentially(SuiteRunner.java:361)
	at org.testng.SuiteRunner.privateRun(SuiteRunner.java:319)
	at org.testng.SuiteRunner.run(SuiteRunner.java:268)
	at org.testng.SuiteRunnerWorker.runSuite(SuiteRunnerWorker.java:52)
	at org.testng.SuiteRunnerWorker.run(SuiteRunnerWorker.java:86)
	at org.testng.TestNG.runSuitesSequentially(TestNG.java:1244)
	at org.testng.TestNG.runSuitesLocally(TestNG.java:1169)
	at org.testng.TestNG.run(TestNG.java:1064)
	at org.testng.remote.AbstractRemoteTestNG.run(AbstractRemoteTestNG.java:114)
	at org.testng.remote.RemoteTestNG.initAndRun(RemoteTestNG.java:251)
	at org.testng.remote.RemoteTestNG.main(RemoteTestNG.java:77)
]]>
            </full-stacktrace>
          </exception> <!-- org.openqa.selenium.NoSuchElementException -->
          <reporter-output>
          </reporter-output>
        </test-method> <!-- signInFailure -->
        <test-method status="PASS" signature="captureStatus(org.testng.ITestResult)[pri:0, instance:com.planittesting.automation.SeleniumGitJenkinsProject.tests.LoginTestSuite@18be83e4]" name="captureStatus" is-config="true" duration-ms="2" started-at="2018-02-21T14:28:49Z" finished-at="2018-02-21T14:28:49Z">
          <params>
            <param index="0">
              <value>
                <![CDATA[[TestResult name=signInFailure status=FAILURE method=LoginTestSuite.signInFailure()[pri:0, instance:com.planittesting.automation.SeleniumGitJenkinsProject.tests.LoginTestSuite@18be83e4] output={null}]]]>
              </value>
            </param>
          </params>
          <reporter-output>
          </reporter-output>
        </test-method> <!-- captureStatus -->
        <test-method status="PASS" signature="testSteup(java.lang.reflect.Method)[pri:0, instance:com.planittesting.automation.SeleniumGitJenkinsProject.tests.LoginTestSuite@18be83e4]" name="testSteup" is-config="true" duration-ms="2790" started-at="2018-02-21T14:28:49Z" finished-at="2018-02-21T14:28:51Z">
          <params>
            <param index="0">
              <value>
                <![CDATA[public void com.planittesting.automation.SeleniumGitJenkinsProject.tests.LoginTestSuite.signInSuccessful()]]>
              </value>
            </param>
          </params>
          <reporter-output>
          </reporter-output>
        </test-method> <!-- testSteup -->
        <test-method status="PASS" signature="signInSuccessful()[pri:0, instance:com.planittesting.automation.SeleniumGitJenkinsProject.tests.LoginTestSuite@18be83e4]" name="signInSuccessful" duration-ms="4583" started-at="2018-02-21T14:28:51Z" finished-at="2018-02-21T14:28:56Z">
          <reporter-output>
          </reporter-output>
        </test-method> <!-- signInSuccessful -->
        <test-method status="PASS" signature="tearDown()[pri:0, instance:com.planittesting.automation.SeleniumGitJenkinsProject.tests.LoginTestSuite@18be83e4]" name="tearDown" is-config="true" duration-ms="69" started-at="2018-02-21T14:28:56Z" finished-at="2018-02-21T14:28:56Z">
          <reporter-output>
          </reporter-output>
        </test-method> <!-- tearDown -->
        <test-method status="PASS" signature="captureStatus(org.testng.ITestResult)[pri:0, instance:com.planittesting.automation.SeleniumGitJenkinsProject.tests.LoginTestSuite@18be83e4]" name="captureStatus" is-config="true" duration-ms="0" started-at="2018-02-21T14:28:56Z" finished-at="2018-02-21T14:28:56Z">
          <params>
            <param index="0">
              <value>
                <![CDATA[[TestResult name=signInSuccessful status=SUCCESS method=LoginTestSuite.signInSuccessful()[pri:0, instance:com.planittesting.automation.SeleniumGitJenkinsProject.tests.LoginTestSuite@18be83e4] output={null}]]]>
              </value>
            </param>
          </params>
          <reporter-output>
          </reporter-output>
        </test-method> <!-- captureStatus -->
        <test-method status="PASS" signature="cleanUp()[pri:0, instance:com.planittesting.automation.SeleniumGitJenkinsProject.tests.LoginTestSuite@18be83e4]" name="cleanUp" is-config="true" duration-ms="476" started-at="2018-02-21T14:28:56Z" finished-at="2018-02-21T14:28:57Z">
          <reporter-output>
          </reporter-output>
        </test-method> <!-- cleanUp -->
      </class> <!-- com.planittesting.automation.SeleniumGitJenkinsProject.tests.LoginTestSuite -->
    </test> <!-- Default test -->
  </suite> <!-- Default suite -->
</testng-results>
